MidiKeyboard/build/intermediates/manifest_merge_blame_file/debug/manifest-merger-blame-debug-report.txt
1<?xml version="1.0" encoding="utf-8"?>
2<manifest xmlns:android="http://schemas.android.com/apk/res/android"
3    package="com.mobileer.midikeyboard"
4    android:versionCode="4"
5    android:versionName="1.3" >
6
7    <uses-sdk
8        android:minSdkVersion="23"
8-->src/main/AndroidManifest.xml
9        android:targetSdkVersion="29" />
9-->src/main/AndroidManifest.xml
10
11    <uses-feature
11-->src/main/AndroidManifest.xml:4:5-6:36
12        android:name="android.software.leanback"
12-->src/main/AndroidManifest.xml:5:9-49
13        android:required="false" />
13-->src/main/AndroidManifest.xml:6:9-33
14    <uses-feature
14-->src/main/AndroidManifest.xml:7:5-81
15        android:name="android.software.midi"
15-->src/main/AndroidManifest.xml:7:19-55
16        android:required="true" />
16-->src/main/AndroidManifest.xml:7:56-79
17
18    <application
18-->src/main/AndroidManifest.xml:9:5-20:19
19        android:allowBackup="true"
19-->src/main/AndroidManifest.xml:10:9-35
20        android:appComponentFactory="androidx.core.app.CoreComponentFactory"
20-->[androidx.core:core:1.1.0] AndroidManifest.xml:24:18-86
21        android:debuggable="true"
22        android:icon="@mipmap/ic_launcher"
22-->src/main/AndroidManifest.xml:11:9-43
23        android:label="@string/app_name" >
23-->[:MidiTools] AndroidManifest.xml:11:18-50
24        <activity
24-->src/main/AndroidManifest.xml:12:9-19:20
25            android:name="com.mobileer.midikeyboard.MainActivity"
25-->src/main/AndroidManifest.xml:12:19-72
26            android:label="MIDI Keyboard" >
26-->src/main/AndroidManifest.xml:12:73-102
27            <intent-filter>
27-->src/main/AndroidManifest.xml:13:13-18:29
28                <action android:name="android.intent.action.MAIN" />
28-->src/main/AndroidManifest.xml:14:17-69
28-->src/main/AndroidManifest.xml:14:25-66
29
30                <category android:name="android.intent.category.DEFAULT" />
30-->src/main/AndroidManifest.xml:15:17-76
30-->src/main/AndroidManifest.xml:15:27-73
31                <category android:name="android.intent.category.LAUNCHER" />
31-->src/main/AndroidManifest.xml:16:17-77
31-->src/main/AndroidManifest.xml:16:27-74
32                <category android:name="android.intent.category.LEANBACK_LAUNCHER" />
32-->src/main/AndroidManifest.xml:17:17-86
32-->src/main/AndroidManifest.xml:17:27-83
33            </intent-filter>
34        </activity>
35    </application>
36
37</manifest>